# JRE version: OpenJDK Runtime Environment (21.0.3) (build 21.0.3+-12282718-b509.11)
# Java VM: OpenJDK 64-Bit Server VM (21.0.3+-12282718-b509.11, mixed mode, tiered, compressed oops, compressed class ptrs, g1 gc, windows-amd64)
GC Precious Log:
 CardTable entry size: 512
 Card Set container configuration: InlinePtr #cards 5 size 8 Array Of Cards #cards 12 size 40 Howl #buckets 4 coarsen threshold 1843 Howl Bitmap #cards 512 size 80 coarsen threshold 460 Card regions per heap region 1 cards per card region 2048
 CPUs: 4 total, 4 available
 Memory: 16190M
 Large Page Support: Disabled
 NUMA Support: Disabled
 Compressed Oops: Enabled (32-bit)
 Heap Region Size: 1M
 Heap Min Capacity: 8M
 Heap Initial Capacity: 254M
 Heap Max Capacity: 2G
 Pre-touch: Disabled
 Parallel Workers: 4
 Concurrent Workers: 1
 Concurrent Refinement Workers: 4
 Periodic GC: Disabled
Heap:
 garbage-first heap   total 227328K, used 161515K [0x0000000080000000, 0x0000000100000000)
  region size 1024K, 34 young (34816K), 9 survivors (9216K)
 Metaspace       used 133914K, committed 136192K, reserved 1179648K
  class space    used 17611K, committed 18752K, reserved 1048576K
GC Heap History (20 events):
Event: 44.451 GC heap before
{Heap before GC invocations=44 (full 0):
 garbage-first heap   total 158720K, used 143073K [0x0000000080000000, 0x0000000100000000)
  region size 1024K, 51 young (52224K), 5 survivors (5120K)
 Metaspace       used 104636K, committed 106624K, reserved 1179648K
  class space    used 14346K, committed 15360K, reserved 1048576K
}
Event: 44.464 GC heap after
{Heap after GC invocations=45 (full 0):
 garbage-first heap   total 158720K, used 98797K [0x0000000080000000, 0x0000000100000000)
  region size 1024K, 7 young (7168K), 7 survivors (7168K)
 Metaspace       used 104636K, committed 106624K, reserved 1179648K
  class space    used 14346K, committed 15360K, reserved 1048576K
}
Event: 46.041 GC heap before
{Heap before GC invocations=46 (full 0):
 garbage-first heap   total 179200K, used 140781K [0x0000000080000000, 0x0000000100000000)
  region size 1024K, 48 young (49152K), 7 survivors (7168K)
 Metaspace       used 108127K, committed 110208K, reserved 1179648K
  class space    used 14845K, committed 15872K, reserved 1048576K
}
Event: 46.056 GC heap after
{Heap after GC invocations=47 (full 0):
 garbage-first heap   total 179200K, used 101724K [0x0000000080000000, 0x0000000100000000)
  region size 1024K, 6 young (6144K), 6 survivors (6144K)
 Metaspace       used 108127K, committed 110208K, reserved 1179648K
  class space    used 14845K, committed 15872K, reserved 1048576K
}
Event: 48.293 GC heap before
{Heap before GC invocations=47 (full 0):
 garbage-first heap   total 179200K, used 166236K [0x0000000080000000, 0x0000000100000000)
  region size 1024K, 65 young (66560K), 6 survivors (6144K)
 Metaspace       used 112948K, committed 115072K, reserved 1179648K
  class space    used 15352K, committed 16384K, reserved 1048576K
}
Event: 48.322 GC heap after
{Heap after GC invocations=48 (full 0):
 garbage-first heap   total 183296K, used 108396K [0x0000000080000000, 0x0000000100000000)
  region size 1024K, 9 young (9216K), 9 survivors (9216K)
 Metaspace       used 112948K, committed 115072K, reserved 1179648K
  class space    used 15352K, committed 16384K, reserved 1048576K
}
Event: 49.623 GC heap before
{Heap before GC invocations=48 (full 0):
 garbage-first heap   total 183296K, used 163692K [0x0000000080000000, 0x0000000100000000)
  region size 1024K, 63 young (64512K), 9 survivors (9216K)
 Metaspace       used 113206K, committed 115392K, reserved 1179648K
  class space    used 15388K, committed 16512K, reserved 1048576K
}
Event: 49.643 GC heap after
{Heap after GC invocations=49 (full 0):
 garbage-first heap   total 183296K, used 114074K [0x0000000080000000, 0x0000000100000000)
  region size 1024K, 6 young (6144K), 6 survivors (6144K)
 Metaspace       used 113206K, committed 115392K, reserved 1179648K
  class space    used 15388K, committed 16512K, reserved 1048576K
}
Event: 55.406 GC heap before
{Heap before GC invocations=50 (full 0):
 garbage-first heap   total 199680K, used 165274K [0x0000000080000000, 0x0000000100000000)
  region size 1024K, 56 young (57344K), 6 survivors (6144K)
 Metaspace       used 115883K, committed 118016K, reserved 1179648K
  class space    used 15729K, committed 16768K, reserved 1048576K
}
Event: 55.428 GC heap after
{Heap after GC invocations=51 (full 0):
 garbage-first heap   total 199680K, used 125310K [0x0000000080000000, 0x0000000100000000)
  region size 1024K, 7 young (7168K), 7 survivors (7168K)
 Metaspace       used 115883K, committed 118016K, reserved 1179648K
  class space    used 15729K, committed 16768K, reserved 1048576K
}
Event: 59.273 GC heap before
{Heap before GC invocations=51 (full 0):
 garbage-first heap   total 199680K, used 181630K [0x0000000080000000, 0x0000000100000000)
  region size 1024K, 56 young (57344K), 7 survivors (7168K)
 Metaspace       used 118272K, committed 120448K, reserved 1179648K
  class space    used 16004K, committed 17088K, reserved 1048576K
}
Event: 59.298 GC heap after
{Heap after GC invocations=52 (full 0):
 garbage-first heap   total 199680K, used 126888K [0x0000000080000000, 0x0000000100000000)
  region size 1024K, 6 young (6144K), 6 survivors (6144K)
 Metaspace       used 118272K, committed 120448K, reserved 1179648K
  class space    used 16004K, committed 17088K, reserved 1048576K
}
Event: 65.979 GC heap before
{Heap before GC invocations=52 (full 0):
 garbage-first heap   total 199680K, used 176040K [0x0000000080000000, 0x0000000100000000)
  region size 1024K, 55 young (56320K), 6 survivors (6144K)
 Metaspace       used 119911K, committed 122112K, reserved 1179648K
  class space    used 16190K, committed 17280K, reserved 1048576K
}
Event: 65.994 GC heap after
{Heap after GC invocations=53 (full 0):
 garbage-first heap   total 199680K, used 130805K [0x0000000080000000, 0x0000000100000000)
  region size 1024K, 7 young (7168K), 7 survivors (7168K)
 Metaspace       used 119911K, committed 122112K, reserved 1179648K
  class space    used 16190K, committed 17280K, reserved 1048576K
}
Event: 72.162 GC heap before
{Heap before GC invocations=54 (full 0):
 garbage-first heap   total 227328K, used 177909K [0x0000000080000000, 0x0000000100000000)
  region size 1024K, 53 young (54272K), 7 survivors (7168K)
 Metaspace       used 122784K, committed 124928K, reserved 1179648K
  class space    used 16400K, committed 17472K, reserved 1048576K
}
Event: 72.181 GC heap after
{Heap after GC invocations=55 (full 0):
 garbage-first heap   total 227328K, used 132418K [0x0000000080000000, 0x0000000100000000)
  region size 1024K, 5 young (5120K), 5 survivors (5120K)
 Metaspace       used 122784K, committed 124928K, reserved 1179648K
  class space    used 16400K, committed 17472K, reserved 1048576K
}
Event: 103.913 GC heap before
{Heap before GC invocations=55 (full 0):
 garbage-first heap   total 227328K, used 201026K [0x0000000080000000, 0x0000000100000000)
  region size 1024K, 73 young (74752K), 5 survivors (5120K)
 Metaspace       used 129468K, committed 131712K, reserved 1179648K
  class space    used 17249K, committed 18368K, reserved 1048576K
}
Event: 103.931 GC heap after
{Heap after GC invocations=56 (full 0):
 garbage-first heap   total 227328K, used 133035K [0x0000000080000000, 0x0000000100000000)
  region size 1024K, 9 young (9216K), 9 survivors (9216K)
 Metaspace       used 129468K, committed 131712K, reserved 1179648K
  class space    used 17249K, committed 18368K, reserved 1048576K
}
Event: 152.698 GC heap before
{Heap before GC invocations=56 (full 0):
 garbage-first heap   total 227328K, used 203691K [0x0000000080000000, 0x0000000100000000)
  region size 1024K, 79 young (80896K), 9 survivors (9216K)
 Metaspace       used 133287K, committed 135616K, reserved 1179648K
  class space    used 17563K, committed 18688K, reserved 1048576K
}
Event: 152.720 GC heap after
{Heap after GC invocations=57 (full 0):
 garbage-first heap   total 227328K, used 136939K [0x0000000080000000, 0x0000000100000000)
  region size 1024K, 9 young (9216K), 9 survivors (9216K)
 Metaspace       used 133287K, committed 135616K, reserved 1179648K
  class space    used 17563K, committed 18688K, reserved 1048576K
}

